<?xml version="1.0" encoding="UTF-8"?>
<!-- Generated by org.testng.reporters.JUnitReportReporter -->
<testsuite hostname="DESKTOP-KRUEV05" failures="0" tests="1" name="New.TC11_Screenshot" time="12.257" errors="0" timestamp="2025-08-29T10:47:54 IST" skipped="0">
  <testcase classname="New.TC11_Screenshot" name="screenshottest" time="12.257"/>
  <system-out/>
</testsuite> <!-- New.TC11_Screenshot -->
