<?xml version="1.0" encoding="UTF-8"?>
<!-- Generated by org.testng.reporters.JUnitReportReporter -->
<testsuite hostname="DESKTOP-KRUEV05" failures="0" tests="3" name="New.TC010_TestNG" time="0.028" errors="0" timestamp="2025-08-26T18:22:49 IST" skipped="1">
  <testcase classname="New.TC010_TestNG" name="test2" time="0.025"/>
  <system-out/>
  <testcase classname="New.TC010_TestNG" name="test3" time="0.003"/>
  <system-out/>
  <testcase classname="New.TC010_TestNG" name="test1">
    <skipped/>
  </testcase> <!-- test1 -->
  <system-out/>
</testsuite> <!-- New.TC010_TestNG -->
