<?xml version="1.0" encoding="UTF-8"?>
<!-- Generated by org.testng.reporters.JUnitReportReporter -->
<testsuite hostname="DESKTOP-KRUEV05" failures="0" tests="3" name="New.TC009_TestNG3_pageobjects" time="90.150" errors="0" timestamp="2025-08-28T14:45:06 IST" skipped="0">
  <testcase classname="New.TC009_TestNG3_pageobjects" name="f" time="25.547"/>
  <system-out/>
  <testcase classname="New.TC009_TestNG3_pageobjects" name="f" time="30.906"/>
  <system-out/>
  <testcase classname="New.TC009_TestNG3_pageobjects" name="f" time="33.697"/>
  <system-out/>
</testsuite> <!-- New.TC009_TestNG3_pageobjects -->
