<?xml version="1.0" encoding="UTF-8"?>
<!-- Generated by org.testng.reporters.JUnitReportReporter -->
<testsuite hostname="DESKTOP-KRUEV05" failures="0" tests="4" name="New.TC009_TestNG" time="44.250" errors="0" timestamp="2025-08-26T18:15:15 IST" skipped="0">
  <testcase classname="New.TC009_TestNG" name="f" time="15.989"/>
  <system-out/>
  <testcase classname="New.TC009_TestNG" name="f" time="11.863"/>
  <system-out/>
  <testcase classname="New.TC009_TestNG" name="f" time="7.823"/>
  <system-out/>
  <testcase classname="New.TC009_TestNG" name="f" time="8.575"/>
  <system-out/>
</testsuite> <!-- New.TC009_TestNG -->
