<?xml version="1.0" encoding="UTF-8"?>
<!-- Generated by org.testng.reporters.JUnitReportReporter -->
<testsuite hostname="DESKTOP-KRUEV05" failures="0" tests="4" name="New.Lab9_TestNG" time="32.005" errors="0" timestamp="2025-08-26T18:17:47 IST" skipped="0">
  <testcase classname="New.Lab9_TestNG" name="f" time="4.979"/>
  <system-out/>
  <testcase classname="New.Lab9_TestNG" name="f" time="17.878"/>
  <system-out/>
  <testcase classname="New.Lab9_TestNG" name="f" time="4.379"/>
  <system-out/>
  <testcase classname="New.Lab9_TestNG" name="f" time="4.769"/>
  <system-out/>
</testsuite> <!-- New.Lab9_TestNG -->
