<?xml version="1.0" encoding="UTF-8"?>
<!-- Generated by org.testng.reporters.JUnitReportReporter -->
<testsuite hostname="DESKTOP-KRUEV05" failures="0" tests="6" name="New.TC009_TestNG2" time="46.019" errors="0" timestamp="2025-08-26T17:41:31 IST" skipped="0">
  <testcase classname="New.TC009_TestNG2" name="f" time="7.101"/>
  <system-out/>
  <testcase classname="New.TC009_TestNG2" name="f" time="7.566"/>
  <system-out/>
  <testcase classname="New.TC009_TestNG2" name="f" time="8.016"/>
  <system-out/>
  <testcase classname="New.TC009_TestNG2" name="f" time="8.222"/>
  <system-out/>
  <testcase classname="New.TC009_TestNG2" name="f" time="7.846"/>
  <system-out/>
  <testcase classname="New.TC009_TestNG2" name="f" time="7.268"/>
  <system-out/>
</testsuite> <!-- New.TC009_TestNG2 -->
