<?xml version="1.0" encoding="UTF-8"?>
<!-- Generated by org.testng.reporters.JUnitReportReporter -->
<testsuite hostname="DESKTOP-KRUEV05" failures="0" tests="2" name="New.Lab4_TestNG" time="56.596" errors="0" timestamp="2025-08-26T13:22:31 IST" skipped="0">
  <testcase classname="New.Lab4_TestNG" name="f" time="35.576"/>
  <system-out/>
  <testcase classname="New.Lab4_TestNG" name="f" time="21.020"/>
  <system-out/>
</testsuite> <!-- New.Lab4_TestNG -->
