<?xml version="1.0" encoding="UTF-8"?>
<!-- Generated by org.testng.reporters.JUnitReportReporter -->
<testsuite hostname="DESKTOP-KRUEV05" failures="0" tests="2" name="New.Lab3_TestNG" time="32.535" errors="0" timestamp="2025-08-26T13:22:31 IST" skipped="0">
  <testcase classname="New.Lab3_TestNG" name="f" time="15.487"/>
  <system-out/>
  <testcase classname="New.Lab3_TestNG" name="f" time="17.048"/>
  <system-out/>
</testsuite> <!-- New.Lab3_TestNG -->
