<?xml version="1.0" encoding="UTF-8"?>
<!-- Generated by org.testng.reporters.JUnitReportReporter -->
<testsuite hostname="DESKTOP-KRUEV05" failures="0" tests="2" name="New.Lab8_TestNG_1" time="8.649" errors="0" timestamp="2025-08-26T18:15:47 IST" skipped="0">
  <testcase classname="New.Lab8_TestNG_1" name="f" time="3.430"/>
  <system-out/>
  <testcase classname="New.Lab8_TestNG_1" name="f" time="5.219"/>
  <system-out/>
</testsuite> <!-- New.Lab8_TestNG_1 -->
